[sitecustomize] runner import failed: No module named 'omegaconf'
[sitecustomize] runner import failed: No module named 'omegaconf'
[sitecustomize] runner import failed: No module named 'omegaconf'
Traceback (most recent call last):
  File "/root/autodl-tmp/CLIP_prefix_caption/Detic/1-1代码路径/大论文-视频字幕生成专项_BLIP-2_for_Video/mllm-video-captioner/train.py", line 16, in <module>
    import lavis.tasks as tasks
  File "/root/autodl-tmp/CLIP_prefix_caption/Detic/1-1代码路径/大论文-视频字幕生成专项_BLIP-2_for_Video/mllm-video-captioner/lavis/__init__.py", line 3, in <module>
    from omegaconf import OmegaConf
ModuleNotFoundError: No module named 'omegaconf'
Traceback (most recent call last):
  File "/root/autodl-tmp/CLIP_prefix_caption/Detic/1-1代码路径/大论文-视频字幕生成专项_BLIP-2_for_Video/mllm-video-captioner/train.py", line 16, in <module>
    import lavis.tasks as tasks
  File "/root/autodl-tmp/CLIP_prefix_caption/Detic/1-1代码路径/大论文-视频字幕生成专项_BLIP-2_for_Video/mllm-video-captioner/lavis/__init__.py", line 3, in <module>
    from omegaconf import OmegaConf
ModuleNotFoundError: No module named 'omegaconf'
W0612 15:21:41.750000 1968 site-packages/torch/distributed/elastic/multiprocessing/api.py:897] Sending process 2005 closing signal SIGTERM
E0612 15:21:41.754000 1968 site-packages/torch/distributed/elastic/multiprocessing/api.py:869] failed (exitcode: 1) local_rank: 1 (pid: 2006) of binary: /root/miniconda3/bin/python
Traceback (most recent call last):
  File "<frozen runpy>", line 198, in _run_module_as_main
  File "<frozen runpy>", line 88, in _run_code
  File "/root/miniconda3/lib/python3.12/site-packages/torch/distributed/run.py", line 923, in <module>
    main()
  File "/root/miniconda3/lib/python3.12/site-packages/torch/distributed/elastic/multiprocessing/errors/__init__.py", line 355, in wrapper
    return f(*args, **kwargs)
           ^^^^^^^^^^^^^^^^^^
  File "/root/miniconda3/lib/python3.12/site-packages/torch/distributed/run.py", line 919, in main
    run(args)
  File "/root/miniconda3/lib/python3.12/site-packages/torch/distributed/run.py", line 910, in run
    elastic_launch(
  File "/root/miniconda3/lib/python3.12/site-packages/torch/distributed/launcher/api.py", line 138, in __call__
    return launch_agent(self._config, self._entrypoint, list(args))
           ^^^^^^^^^^^^^^^^^^^^^^^^^^^^^^^^^^^^^^^^^^^^^^^^^^^^^^^^
  File "/root/miniconda3/lib/python3.12/site-packages/torch/distributed/launcher/api.py", line 269, in launch_agent
    raise ChildFailedError(
torch.distributed.elastic.multiprocessing.errors.ChildFailedError: 
============================================================
train.py FAILED
------------------------------------------------------------
Failures:
  <NO_OTHER_FAILURES>
------------------------------------------------------------
Root Cause (first observed failure):
[0]:
  time      : 2026-06-12_15:21:41
  host      : localhost
  rank      : 1 (local_rank: 1)
  exitcode  : 1 (pid: 2006)
  error_file: <N/A>
  traceback : To enable traceback see: https://pytorch.org/docs/stable/elastic/errors.html
============================================================
