nohup: ignoring input
/root/miniconda3/envs/vtimellm/lib/python3.10/site-packages/torch/cuda/__init__.py:51: FutureWarning: The pynvml package is deprecated. Please install nvidia-ml-py instead. If you did not install pynvml directly, please report this to the maintainers of the package that installed pynvml for you.
  import pynvml  # type: ignore[import]
/root/miniconda3/envs/vtimellm/lib/python3.10/site-packages/torch/cuda/__init__.py:51: FutureWarning: The pynvml package is deprecated. Please install nvidia-ml-py instead. If you did not install pynvml directly, please report this to the maintainers of the package that installed pynvml for you.
  import pynvml  # type: ignore[import]
| distributed init (rank 0, world 1): env://
NCCL version 2.18.6+cuda12.1
2026-06-11 18:04:02,448 [INFO] 
=====  Running Parameters    =====
2026-06-11 18:04:02,450 [INFO] {
    "accum_grad_iters": 1,
    "amp": true,
    "batch_size_eval": 8,
    "batch_size_train": 32,
    "cache_root": "/root/autodl-tmp/CLIP_prefix_caption/Detic/1-1\u4ee3\u7801\u8def\u5f84/\u5927\u8bba\u6587-\u89c6\u9891\u5b57\u5e55\u751f\u6210\u4e13\u9879_BLIP-2_for_Video/00.\u6570\u636e\u96c6",
    "device": "cuda",
    "dist_backend": "nccl",
    "dist_url": "env://",
    "distributed": true,
    "evaluate": false,
    "gpu": 0,
    "init_lr": 5e-05,
    "lr_sched": "linear_warmup_cosine_lr",
    "max_epoch": 20,
    "max_len": 32,
    "min_len": 5,
    "min_lr": 1e-05,
    "num_beams": 5,
    "num_workers": 4,
    "output_dir": "/root/autodl-tmp/CLIP_prefix_caption/Detic/1-1\u4ee3\u7801\u8def\u5f84/\u5927\u8bba\u6587-\u89c6\u9891\u5b57\u5e55\u751f\u6210\u4e13\u9879_BLIP-2_for_Video/02.\u6a21\u578b\u8bad\u7ec3\u5b58\u653e\uff08CE\uff09/Caption_msrvtt",
    "rank": 0,
    "resume_ckpt_path": null,
    "runner": "runner_ce_save",
    "seed": 42,
    "task": "captioning",
    "test_splits": [
        "test"
    ],
    "train_splits": [
        "train"
    ],
    "valid_splits": [
        "val"
    ],
    "warmup_lr": 1e-08,
    "warmup_steps": 1000,
    "weight_decay": 0.05,
    "world_size": 1
}
2026-06-11 18:04:02,450 [INFO] 
======  Dataset Attributes  ======
2026-06-11 18:04:02,450 [INFO] 
======== msrvtt_caption =======
2026-06-11 18:04:02,452 [INFO] {
    "build_info": {
        "annotations": {
            "test": {
                "storage": "msrvtt/annotations/cap_test.json",
                "url": "https://storage.googleapis.com/sfr-vision-language-research/LAVIS/datasets/msrvtt/cap_test.json"
            },
            "train": {
                "storage": "msrvtt/annotations/cap_train.json",
                "url": "https://storage.googleapis.com/sfr-vision-language-research/LAVIS/datasets/msrvtt/cap_train.json"
            },
            "val": {
                "storage": "msrvtt/annotations/cap_val.json",
                "url": "https://storage.googleapis.com/sfr-vision-language-research/LAVIS/datasets/msrvtt/cap_val.json"
            }
        },
        "videos": {
            "storage": "msrvtt/videos"
        }
    },
    "data_type": "videos",
    "text_processor": {
        "eval": {
            "name": "blip_caption"
        },
        "train": {
            "name": "blip_caption"
        }
    },
    "vis_processor": {
        "eval": {
            "image_size": 224,
            "n_frms": 8,
            "name": "alpro_video_eval"
        },
        "train": {
            "image_size": 224,
            "n_frms": 8,
            "name": "alpro_video_train"
        }
    }
}
2026-06-11 18:04:02,452 [INFO] 
======  Model Attributes  ======
2026-06-11 18:04:02,453 [INFO] {
    "arch": "blip2_t5",
    "drop_path_rate": 0,
    "finetuned": "",
    "freeze_vit": true,
    "image_size": 224,
    "load_finetuned": false,
    "load_pretrained": true,
    "lora": false,
    "model_type": "pretrain_flant5xl",
    "num_query_token": 32,
    "pretrained": "/root/autodl-tmp/CLIP_prefix_caption/Detic/1-1\u4ee3\u7801\u8def\u5f84/\u5927\u8bba\u6587-\u89c6\u9891\u5b57\u5e55\u751f\u6210\u4e13\u9879_BLIP-2_for_Video/01.\u6a21\u578b\u9884\u8bad\u7ec3\u6743\u91cd\u6a21\u578b/blip2_pretrained_flant5xl.pth",
    "prompt": "a video of",
    "t5_model": "google/flan-t5-xl",
    "use_grad_checkpoint": true,
    "vit_precision": "fp16"
}
Using downloaded and verified file: /home/anonymous/new_ssd/lavis_datasets/msrvtt/annotations/cap_train.json
Using downloaded and verified file: /home/anonymous/new_ssd/lavis_datasets/msrvtt/annotations/cap_val.json
Using downloaded and verified file: /home/anonymous/new_ssd/lavis_datasets/msrvtt/annotations/cap_test.json
2026-06-11 18:04:02,456 [INFO] Building datasets...
2026-06-11 18:04:16,544 [INFO] freeze vision encoder
Loading checkpoint shards:   0%|                                                                                       | 0/2 [00:00<?, ?it/s]Loading checkpoint shards:  50%|███████████████████████████████████████▌                                       | 1/2 [00:01<00:01,  1.13s/it]Loading checkpoint shards: 100%|███████████████████████████████████████████████████████████████████████████████| 2/2 [00:01<00:00,  1.53it/s]Loading checkpoint shards: 100%|███████████████████████████████████████████████████████████████████████████████| 2/2 [00:01<00:00,  1.38it/s]
2026-06-11 18:04:20,981 [INFO] load checkpoint from /root/autodl-tmp/CLIP_prefix_caption/Detic/1-1代码路径/大论文-视频字幕生成专项_BLIP-2_for_Video/01.模型预训练权重模型/blip2_pretrained_flant5xl.pth
2026-06-11 18:04:21,002 [INFO] Start training
2026-06-11 18:04:22,185 [INFO] dataset_ratios not specified, datasets will be concatenated (map-style datasets) or chained (webdataset.DataPipeline).
2026-06-11 18:04:22,185 [INFO] Loaded 130260 records for train split from the dataset.
2026-06-11 18:04:22,185 [INFO] Loaded 9940 records for val split from the dataset.
2026-06-11 18:04:22,185 [INFO] Loaded 59800 records for test split from the dataset.
2026-06-11 18:04:22,201 [INFO] number of trainable parameters: 106739968
2026-06-11 18:04:22,202 [INFO] Start training epoch 0, 4070 iters per inner epoch.
/root/miniconda3/envs/vtimellm/lib/python3.10/site-packages/torch/utils/checkpoint.py:429: UserWarning: torch.utils.checkpoint: please pass in use_reentrant=True or use_reentrant=False explicitly. The default value of use_reentrant will be updated to be False in the future. To maintain current behavior, pass use_reentrant=True. It is recommended that you use use_reentrant=False. Refer to docs for more details on the differences between the two variants.
  warnings.warn(
/root/miniconda3/envs/vtimellm/lib/python3.10/site-packages/torch/utils/checkpoint.py:61: UserWarning: None of the inputs have requires_grad=True. Gradients will be None
  warnings.warn(
Train: data epoch: [0]  [   0/4070]  eta: 7:25:10  lr: 1.0000e-08  loss: 2.9191  time: 6.5627  data: 0.0000  max mem: 19745
Train: data epoch: [0]  [  50/4070]  eta: 3:37:13  lr: 2.5095e-06  loss: 2.7046  time: 3.1864  data: 0.0000  max mem: 21820
Train: data epoch: [0]  [ 100/4070]  eta: 3:32:54  lr: 5.0090e-06  loss: 2.5999  time: 3.1945  data: 0.0000  max mem: 21820
Train: data epoch: [0]  [ 150/4070]  eta: 3:29:40  lr: 7.5085e-06  loss: 2.6951  time: 3.1921  data: 0.0000  max mem: 21820
Train: data epoch: [0]  [ 200/4070]  eta: 3:26:45  lr: 1.0008e-05  loss: 2.4458  time: 3.1949  data: 0.0000  max mem: 21820
Train: data epoch: [0]  [ 250/4070]  eta: 3:23:52  lr: 1.2508e-05  loss: 2.7015  time: 3.1785  data: 0.0000  max mem: 21820
Train: data epoch: [0]  [ 300/4070]  eta: 3:21:07  lr: 1.5007e-05  loss: 2.1798  time: 3.1889  data: 0.0000  max mem: 21820
Train: data epoch: [0]  [ 350/4070]  eta: 3:18:22  lr: 1.7507e-05  loss: 2.5714  time: 3.1963  data: 0.0000  max mem: 21820
Train: data epoch: [0]  [ 400/4070]  eta: 3:15:37  lr: 2.0006e-05  loss: 2.2261  time: 3.1901  data: 0.0000  max mem: 21820
Train: data epoch: [0]  [ 450/4070]  eta: 3:12:55  lr: 2.2506e-05  loss: 2.5373  time: 3.1877  data: 0.0000  max mem: 21820
Train: data epoch: [0]  [ 500/4070]  eta: 3:10:12  lr: 2.5005e-05  loss: 2.4447  time: 3.1886  data: 0.0000  max mem: 21820
Train: data epoch: [0]  [ 550/4070]  eta: 3:07:30  lr: 2.7505e-05  loss: 2.5120  time: 3.1879  data: 0.0000  max mem: 21820
Train: data epoch: [0]  [ 600/4070]  eta: 3:04:49  lr: 3.0004e-05  loss: 2.6209  time: 3.1900  data: 0.0000  max mem: 21820
Train: data epoch: [0]  [ 650/4070]  eta: 3:02:08  lr: 3.2504e-05  loss: 2.3137  time: 3.1940  data: 0.0000  max mem: 21820
Train: data epoch: [0]  [ 700/4070]  eta: 2:59:28  lr: 3.5003e-05  loss: 2.3322  time: 3.1962  data: 0.0000  max mem: 21820
Train: data epoch: [0]  [ 750/4070]  eta: 2:56:47  lr: 3.7503e-05  loss: 2.6565  time: 3.1883  data: 0.0000  max mem: 21820
Train: data epoch: [0]  [ 800/4070]  eta: 2:54:07  lr: 4.0002e-05  loss: 2.6216  time: 3.1955  data: 0.0000  max mem: 21820
Train: data epoch: [0]  [ 850/4070]  eta: 2:51:27  lr: 4.2502e-05  loss: 2.4403  time: 3.1940  data: 0.0000  max mem: 21820
Train: data epoch: [0]  [ 900/4070]  eta: 2:48:47  lr: 4.5001e-05  loss: 2.3450  time: 3.1905  data: 0.0000  max mem: 21820
Train: data epoch: [0]  [ 950/4070]  eta: 2:46:06  lr: 4.7500e-05  loss: 2.3243  time: 3.1900  data: 0.0000  max mem: 21820
Train: data epoch: [0]  [1000/4070]  eta: 2:43:26  lr: 5.0000e-05  loss: 2.4389  time: 3.1900  data: 0.0000  max mem: 21820
Train: data epoch: [0]  [1050/4070]  eta: 2:40:46  lr: 5.0000e-05  loss: 2.1117  time: 3.1922  data: 0.0000  max mem: 21820
Train: data epoch: [0]  [1100/4070]  eta: 2:38:06  lr: 5.0000e-05  loss: 2.4589  time: 3.1957  data: 0.0000  max mem: 21820
Train: data epoch: [0]  [1150/4070]  eta: 2:35:26  lr: 5.0000e-05  loss: 2.2669  time: 3.1930  data: 0.0000  max mem: 21820
Train: data epoch: [0]  [1200/4070]  eta: 2:32:46  lr: 5.0000e-05  loss: 2.4155  time: 3.1999  data: 0.0000  max mem: 21820
Train: data epoch: [0]  [1250/4070]  eta: 2:30:06  lr: 5.0000e-05  loss: 2.6076  time: 3.1925  data: 0.0000  max mem: 21820
Train: data epoch: [0]  [1300/4070]  eta: 2:27:27  lr: 5.0000e-05  loss: 2.3669  time: 3.1923  data: 0.0000  max mem: 21820
Train: data epoch: [0]  [1350/4070]  eta: 2:24:47  lr: 5.0000e-05  loss: 2.4605  time: 3.1968  data: 0.0000  max mem: 21820
Train: data epoch: [0]  [1400/4070]  eta: 2:22:07  lr: 5.0000e-05  loss: 2.8529  time: 3.1985  data: 0.0000  max mem: 21820
Train: data epoch: [0]  [1450/4070]  eta: 2:19:28  lr: 5.0000e-05  loss: 2.2546  time: 3.1925  data: 0.0000  max mem: 21820
Train: data epoch: [0]  [1500/4070]  eta: 2:16:48  lr: 5.0000e-05  loss: 2.3555  time: 3.1915  data: 0.0000  max mem: 21820
Train: data epoch: [0]  [1550/4070]  eta: 2:14:08  lr: 5.0000e-05  loss: 2.3493  time: 3.1956  data: 0.0000  max mem: 21820
Train: data epoch: [0]  [1600/4070]  eta: 2:11:29  lr: 5.0000e-05  loss: 2.5237  time: 3.1935  data: 0.0000  max mem: 21820
Train: data epoch: [0]  [1650/4070]  eta: 2:08:49  lr: 5.0000e-05  loss: 2.6783  time: 3.1940  data: 0.0000  max mem: 21820
Train: data epoch: [0]  [1700/4070]  eta: 2:06:09  lr: 5.0000e-05  loss: 2.5061  time: 3.1978  data: 0.0000  max mem: 21820
Train: data epoch: [0]  [1750/4070]  eta: 2:03:30  lr: 5.0000e-05  loss: 2.7290  time: 3.2005  data: 0.0000  max mem: 21820
Train: data epoch: [0]  [1800/4070]  eta: 2:00:50  lr: 5.0000e-05  loss: 2.2243  time: 3.1910  data: 0.0000  max mem: 21820
Train: data epoch: [0]  [1850/4070]  eta: 1:58:10  lr: 5.0000e-05  loss: 2.4812  time: 3.1935  data: 0.0000  max mem: 21820
Train: data epoch: [0]  [1900/4070]  eta: 1:55:31  lr: 5.0000e-05  loss: 2.2688  time: 3.1932  data: 0.0000  max mem: 21820
Train: data epoch: [0]  [1950/4070]  eta: 1:52:51  lr: 5.0000e-05  loss: 2.9073  time: 3.1941  data: 0.0000  max mem: 21820
Train: data epoch: [0]  [2000/4070]  eta: 1:50:11  lr: 5.0000e-05  loss: 2.6190  time: 3.1968  data: 0.0000  max mem: 21820
Train: data epoch: [0]  [2050/4070]  eta: 1:47:32  lr: 5.0000e-05  loss: 2.3731  time: 3.1933  data: 0.0000  max mem: 21820
Train: data epoch: [0]  [2100/4070]  eta: 1:44:52  lr: 5.0000e-05  loss: 2.3173  time: 3.1951  data: 0.0000  max mem: 21820
Train: data epoch: [0]  [2150/4070]  eta: 1:42:12  lr: 5.0000e-05  loss: 2.2237  time: 3.1981  data: 0.0000  max mem: 21820
Train: data epoch: [0]  [2200/4070]  eta: 1:39:32  lr: 5.0000e-05  loss: 2.1788  time: 3.1916  data: 0.0000  max mem: 21820
Train: data epoch: [0]  [2250/4070]  eta: 1:36:53  lr: 5.0000e-05  loss: 2.4443  time: 3.1905  data: 0.0000  max mem: 21820
Train: data epoch: [0]  [2300/4070]  eta: 1:34:13  lr: 5.0000e-05  loss: 2.6757  time: 3.1929  data: 0.0000  max mem: 21820
Train: data epoch: [0]  [2350/4070]  eta: 1:31:33  lr: 5.0000e-05  loss: 2.5120  time: 3.1984  data: 0.0000  max mem: 21820
Train: data epoch: [0]  [2400/4070]  eta: 1:28:54  lr: 5.0000e-05  loss: 2.4082  time: 3.1927  data: 0.0000  max mem: 21820
Train: data epoch: [0]  [2450/4070]  eta: 1:26:14  lr: 5.0000e-05  loss: 2.5344  time: 3.1978  data: 0.0000  max mem: 21820
Train: data epoch: [0]  [2500/4070]  eta: 1:23:34  lr: 5.0000e-05  loss: 2.1252  time: 3.1958  data: 0.0000  max mem: 21820
Train: data epoch: [0]  [2550/4070]  eta: 1:20:55  lr: 5.0000e-05  loss: 2.3354  time: 3.1970  data: 0.0000  max mem: 21820
Train: data epoch: [0]  [2600/4070]  eta: 1:18:15  lr: 5.0000e-05  loss: 2.4333  time: 3.1975  data: 0.0000  max mem: 21820
Train: data epoch: [0]  [2650/4070]  eta: 1:15:35  lr: 5.0000e-05  loss: 2.0238  time: 3.1900  data: 0.0000  max mem: 21820
Train: data epoch: [0]  [2700/4070]  eta: 1:12:56  lr: 5.0000e-05  loss: 2.7168  time: 3.1953  data: 0.0000  max mem: 21820
Train: data epoch: [0]  [2750/4070]  eta: 1:10:16  lr: 5.0000e-05  loss: 2.5435  time: 3.1951  data: 0.0000  max mem: 21820
Train: data epoch: [0]  [2800/4070]  eta: 1:07:36  lr: 5.0000e-05  loss: 2.1333  time: 3.1915  data: 0.0000  max mem: 21820
Train: data epoch: [0]  [2850/4070]  eta: 1:04:56  lr: 5.0000e-05  loss: 2.4778  time: 3.1923  data: 0.0000  max mem: 21820
Train: data epoch: [0]  [2900/4070]  eta: 1:02:17  lr: 5.0000e-05  loss: 2.6026  time: 3.1923  data: 0.0000  max mem: 21820
Train: data epoch: [0]  [2950/4070]  eta: 0:59:37  lr: 5.0000e-05  loss: 2.7330  time: 3.1920  data: 0.0000  max mem: 21820
Train: data epoch: [0]  [3000/4070]  eta: 0:56:57  lr: 5.0000e-05  loss: 2.2309  time: 3.1897  data: 0.0000  max mem: 21820
Train: data epoch: [0]  [3050/4070]  eta: 0:54:18  lr: 5.0000e-05  loss: 2.2649  time: 3.1922  data: 0.0000  max mem: 21820
Train: data epoch: [0]  [3100/4070]  eta: 0:51:38  lr: 5.0000e-05  loss: 2.2298  time: 3.1917  data: 0.0000  max mem: 21820
Train: data epoch: [0]  [3150/4070]  eta: 0:48:58  lr: 5.0000e-05  loss: 2.0731  time: 3.1986  data: 0.0000  max mem: 21820
Train: data epoch: [0]  [3200/4070]  eta: 0:46:18  lr: 5.0000e-05  loss: 1.9884  time: 3.1902  data: 0.0000  max mem: 21820
Train: data epoch: [0]  [3250/4070]  eta: 0:43:39  lr: 5.0000e-05  loss: 2.7060  time: 3.1920  data: 0.0000  max mem: 21820
Train: data epoch: [0]  [3300/4070]  eta: 0:40:59  lr: 5.0000e-05  loss: 2.5317  time: 3.1973  data: 0.0000  max mem: 21820
Train: data epoch: [0]  [3350/4070]  eta: 0:38:19  lr: 5.0000e-05  loss: 2.6211  time: 3.1939  data: 0.0000  max mem: 21820
Train: data epoch: [0]  [3400/4070]  eta: 0:35:39  lr: 5.0000e-05  loss: 2.2370  time: 3.1921  data: 0.0000  max mem: 21820
Train: data epoch: [0]  [3450/4070]  eta: 0:33:00  lr: 5.0000e-05  loss: 2.1473  time: 3.1935  data: 0.0000  max mem: 21820
Train: data epoch: [0]  [3500/4070]  eta: 0:30:20  lr: 5.0000e-05  loss: 2.1554  time: 3.1876  data: 0.0000  max mem: 21820
Train: data epoch: [0]  [3550/4070]  eta: 0:27:40  lr: 5.0000e-05  loss: 2.3603  time: 3.1970  data: 0.0000  max mem: 21820
Train: data epoch: [0]  [3600/4070]  eta: 0:25:01  lr: 5.0000e-05  loss: 2.3283  time: 3.1931  data: 0.0000  max mem: 21820
Train: data epoch: [0]  [3650/4070]  eta: 0:22:21  lr: 5.0000e-05  loss: 2.6145  time: 3.1928  data: 0.0000  max mem: 21820
Train: data epoch: [0]  [3700/4070]  eta: 0:19:41  lr: 5.0000e-05  loss: 2.4143  time: 3.1960  data: 0.0000  max mem: 21820
Train: data epoch: [0]  [3750/4070]  eta: 0:17:02  lr: 5.0000e-05  loss: 2.4778  time: 3.1934  data: 0.0000  max mem: 21820
Train: data epoch: [0]  [3800/4070]  eta: 0:14:22  lr: 5.0000e-05  loss: 2.1826  time: 3.1945  data: 0.0000  max mem: 21820
Train: data epoch: [0]  [3850/4070]  eta: 0:11:42  lr: 5.0000e-05  loss: 2.3605  time: 3.1889  data: 0.0000  max mem: 21820
Train: data epoch: [0]  [3900/4070]  eta: 0:09:02  lr: 5.0000e-05  loss: 2.1860  time: 3.1984  data: 0.0000  max mem: 21820
Train: data epoch: [0]  [3950/4070]  eta: 0:06:23  lr: 5.0000e-05  loss: 2.0090  time: 3.1929  data: 0.0000  max mem: 21820
Train: data epoch: [0]  [4000/4070]  eta: 0:03:43  lr: 5.0000e-05  loss: 2.5787  time: 3.2009  data: 0.0000  max mem: 21820
Train: data epoch: [0]  [4050/4070]  eta: 0:01:03  lr: 5.0000e-05  loss: 2.2921  time: 3.1984  data: 0.0000  max mem: 21820
Train: data epoch: [0]  [4069/4070]  eta: 0:00:03  lr: 5.0000e-05  loss: 2.1936  time: 3.2184  data: 0.0000  max mem: 21820
Train: data epoch: [0] Total time: 3:36:39 (3.1941 s / it)
2026-06-11 21:41:02,144 [INFO] Averaged stats: lr: 0.0000  loss: 2.3892
2026-06-11 21:41:02,153 [INFO] Evaluating on val.
/root/miniconda3/envs/vtimellm/lib/python3.10/site-packages/transformers/generation/configuration_utils.py:394: UserWarning: `do_sample` is set to `False`. However, `top_p` is set to `0.9` -- this flag is only used in sample-based generation modes. You should set `do_sample=True` or unset `top_p`.
  warnings.warn(
Evaluation  [   0/1243]  eta: 0:57:40    time: 2.7844  data: 1.0575  max mem: 21820
Evaluation  [  10/1243]  eta: 0:34:57    time: 1.7009  data: 0.0979  max mem: 21820
Evaluation  [  20/1243]  eta: 0:32:38    time: 1.5422  data: 0.0020  max mem: 21820
Evaluation  [  30/1243]  eta: 0:32:38    time: 1.5666  data: 0.0020  max mem: 21820
Evaluation  [  40/1243]  eta: 0:33:06    time: 1.7040  data: 0.0020  max mem: 21820
Evaluation  [  50/1243]  eta: 0:32:47    time: 1.7028  data: 0.0020  max mem: 21820
Evaluation  [  60/1243]  eta: 0:32:56    time: 1.7103  data: 0.0020  max mem: 21820
Evaluation  [  70/1243]  eta: 0:32:15    time: 1.6517  data: 0.0021  max mem: 21820
Evaluation  [  80/1243]  eta: 0:32:07    time: 1.6171  data: 0.0021  max mem: 21820
Evaluation  [  90/1243]  eta: 0:31:26    time: 1.5866  data: 0.0020  max mem: 21820
Evaluation  [ 100/1243]  eta: 0:31:10    time: 1.5495  data: 0.0021  max mem: 21820
Evaluation  [ 110/1243]  eta: 0:30:48    time: 1.6116  data: 0.0020  max mem: 21820
Evaluation  [ 120/1243]  eta: 0:30:51    time: 1.7123  data: 0.0020  max mem: 21820
Evaluation  [ 130/1243]  eta: 0:30:26    time: 1.6962  data: 0.0021  max mem: 21820
Evaluation  [ 140/1243]  eta: 0:30:08    time: 1.5824  data: 0.0021  max mem: 21820
Evaluation  [ 150/1243]  eta: 0:29:43    time: 1.5675  data: 0.0020  max mem: 21820
Evaluation  [ 160/1243]  eta: 0:29:22    time: 1.5451  data: 0.0021  max mem: 21820
Evaluation  [ 170/1243]  eta: 0:29:06    time: 1.5944  data: 0.0020  max mem: 21820
Evaluation  [ 180/1243]  eta: 0:29:00    time: 1.7128  data: 0.0020  max mem: 21820
Evaluation  [ 190/1243]  eta: 0:28:37    time: 1.6625  data: 0.0020  max mem: 21820
Evaluation  [ 200/1243]  eta: 0:28:17    time: 1.5400  data: 0.0021  max mem: 21820
Evaluation  [ 210/1243]  eta: 0:27:59    time: 1.5769  data: 0.0021  max mem: 21820
Evaluation  [ 220/1243]  eta: 0:27:33    time: 1.5052  data: 0.0022  max mem: 21820
Evaluation  [ 230/1243]  eta: 0:27:21    time: 1.5660  data: 0.0021  max mem: 21820
Evaluation  [ 240/1243]  eta: 0:26:55    time: 1.5463  data: 0.0021  max mem: 21820
Evaluation  [ 250/1243]  eta: 0:26:34    time: 1.4360  data: 0.0021  max mem: 21820
Evaluation  [ 260/1243]  eta: 0:26:13    time: 1.4854  data: 0.0020  max mem: 21820
Evaluation  [ 270/1243]  eta: 0:25:59    time: 1.5626  data: 0.0020  max mem: 21820
Evaluation  [ 280/1243]  eta: 0:25:41    time: 1.5989  data: 0.0020  max mem: 21820
Evaluation  [ 290/1243]  eta: 0:25:21    time: 1.5091  data: 0.0020  max mem: 21820
Evaluation  [ 300/1243]  eta: 0:25:08    time: 1.5862  data: 0.0019  max mem: 21820
Evaluation  [ 310/1243]  eta: 0:24:52    time: 1.6445  data: 0.0019  max mem: 21820
Evaluation  [ 320/1243]  eta: 0:24:37    time: 1.6215  data: 0.0019  max mem: 21820
Evaluation  [ 330/1243]  eta: 0:24:26    time: 1.7149  data: 0.0019  max mem: 21820
Evaluation  [ 340/1243]  eta: 0:24:07    time: 1.6343  data: 0.0019  max mem: 21820
Evaluation  [ 350/1243]  eta: 0:23:51    time: 1.5399  data: 0.0019  max mem: 21820
Evaluation  [ 360/1243]  eta: 0:23:30    time: 1.4997  data: 0.0019  max mem: 21820
Evaluation  [ 370/1243]  eta: 0:23:13    time: 1.4745  data: 0.0022  max mem: 21820
Evaluation  [ 380/1243]  eta: 0:22:59    time: 1.6148  data: 0.0022  max mem: 21820
Evaluation  [ 390/1243]  eta: 0:22:41    time: 1.6112  data: 0.0022  max mem: 21820
Evaluation  [ 400/1243]  eta: 0:22:23    time: 1.4973  data: 0.0023  max mem: 21820
Evaluation  [ 410/1243]  eta: 0:22:08    time: 1.5702  data: 0.0020  max mem: 21820
Evaluation  [ 420/1243]  eta: 0:21:51    time: 1.5971  data: 0.0020  max mem: 21820
Evaluation  [ 430/1243]  eta: 0:21:31    time: 1.4585  data: 0.0020  max mem: 21820
Evaluation  [ 440/1243]  eta: 0:21:12    time: 1.4102  data: 0.0019  max mem: 21820
Evaluation  [ 450/1243]  eta: 0:20:58    time: 1.5548  data: 0.0020  max mem: 21820
Evaluation  [ 460/1243]  eta: 0:20:46    time: 1.7539  data: 0.0020  max mem: 21820
Evaluation  [ 470/1243]  eta: 0:20:31    time: 1.7136  data: 0.0020  max mem: 21820
Evaluation  [ 480/1243]  eta: 0:20:17    time: 1.6655  data: 0.0020  max mem: 21820
Evaluation  [ 490/1243]  eta: 0:20:00    time: 1.6210  data: 0.0020  max mem: 21820
Evaluation  [ 500/1243]  eta: 0:19:44    time: 1.5501  data: 0.0020  max mem: 21820
Evaluation  [ 510/1243]  eta: 0:19:27    time: 1.5710  data: 0.0020  max mem: 21820
Evaluation  [ 520/1243]  eta: 0:19:12    time: 1.6012  data: 0.0021  max mem: 21820
Evaluation  [ 530/1243]  eta: 0:18:57    time: 1.6398  data: 0.0021  max mem: 21820
Evaluation  [ 540/1243]  eta: 0:18:38    time: 1.5121  data: 0.0021  max mem: 21820
Evaluation  [ 550/1243]  eta: 0:18:21    time: 1.4488  data: 0.0020  max mem: 21820
Evaluation  [ 560/1243]  eta: 0:18:06    time: 1.5846  data: 0.0020  max mem: 21820
Evaluation  [ 570/1243]  eta: 0:17:49    time: 1.5889  data: 0.0020  max mem: 21820
Evaluation  [ 580/1243]  eta: 0:17:33    time: 1.5223  data: 0.0020  max mem: 21820
Evaluation  [ 590/1243]  eta: 0:17:18    time: 1.5998  data: 0.0020  max mem: 21820
Evaluation  [ 600/1243]  eta: 0:17:01    time: 1.5925  data: 0.0020  max mem: 21820
Evaluation  [ 610/1243]  eta: 0:16:45    time: 1.5272  data: 0.0020  max mem: 21820
Evaluation  [ 620/1243]  eta: 0:16:29    time: 1.5904  data: 0.0020  max mem: 21820
Evaluation  [ 630/1243]  eta: 0:16:13    time: 1.5953  data: 0.0020  max mem: 21820
Evaluation  [ 640/1243]  eta: 0:15:56    time: 1.4916  data: 0.0020  max mem: 21820
Evaluation  [ 650/1243]  eta: 0:15:40    time: 1.5002  data: 0.0020  max mem: 21820
Evaluation  [ 660/1243]  eta: 0:15:23    time: 1.5195  data: 0.0021  max mem: 21820
Evaluation  [ 670/1243]  eta: 0:15:07    time: 1.5101  data: 0.0020  max mem: 21820
Evaluation  [ 680/1243]  eta: 0:14:51    time: 1.5716  data: 0.0020  max mem: 21820
Evaluation  [ 690/1243]  eta: 0:14:38    time: 1.7493  data: 0.0020  max mem: 21820
Evaluation  [ 700/1243]  eta: 0:14:21    time: 1.6885  data: 0.0020  max mem: 21820
Evaluation  [ 710/1243]  eta: 0:14:05    time: 1.5371  data: 0.0020  max mem: 21820
Evaluation  [ 720/1243]  eta: 0:13:49    time: 1.5680  data: 0.0020  max mem: 21820
Evaluation  [ 730/1243]  eta: 0:13:32    time: 1.5241  data: 0.0021  max mem: 21820
Evaluation  [ 740/1243]  eta: 0:13:16    time: 1.5199  data: 0.0021  max mem: 21820
Evaluation  [ 750/1243]  eta: 0:13:00    time: 1.5261  data: 0.0020  max mem: 21820
Evaluation  [ 760/1243]  eta: 0:12:44    time: 1.5200  data: 0.0020  max mem: 21820
Evaluation  [ 770/1243]  eta: 0:12:28    time: 1.5424  data: 0.0020  max mem: 21820
Evaluation  [ 780/1243]  eta: 0:12:12    time: 1.5699  data: 0.0020  max mem: 21820
Evaluation  [ 790/1243]  eta: 0:11:57    time: 1.6448  data: 0.0020  max mem: 21820
Evaluation  [ 800/1243]  eta: 0:11:41    time: 1.6386  data: 0.0019  max mem: 21820
Evaluation  [ 810/1243]  eta: 0:11:24    time: 1.4955  data: 0.0019  max mem: 21820
Evaluation  [ 820/1243]  eta: 0:11:08    time: 1.4484  data: 0.0019  max mem: 21820
Evaluation  [ 830/1243]  eta: 0:10:52    time: 1.5618  data: 0.0020  max mem: 21820
Evaluation  [ 840/1243]  eta: 0:10:37    time: 1.6796  data: 0.0020  max mem: 21820
Evaluation  [ 850/1243]  eta: 0:10:24    time: 1.8920  data: 0.0020  max mem: 21820
Evaluation  [ 860/1243]  eta: 0:10:08    time: 1.8181  data: 0.0020  max mem: 21820
Evaluation  [ 870/1243]  eta: 0:09:51    time: 1.4959  data: 0.0020  max mem: 21820
Evaluation  [ 880/1243]  eta: 0:09:36    time: 1.5676  data: 0.0019  max mem: 21820
Evaluation  [ 890/1243]  eta: 0:09:20    time: 1.6598  data: 0.0019  max mem: 21820
Evaluation  [ 900/1243]  eta: 0:09:05    time: 1.6604  data: 0.0020  max mem: 21820
Evaluation  [ 910/1243]  eta: 0:08:48    time: 1.5966  data: 0.0020  max mem: 21820
Evaluation  [ 920/1243]  eta: 0:08:32    time: 1.5289  data: 0.0020  max mem: 21820
Evaluation  [ 930/1243]  eta: 0:08:17    time: 1.6021  data: 0.0022  max mem: 21820
Evaluation  [ 940/1243]  eta: 0:08:01    time: 1.5907  data: 0.0022  max mem: 21820
Evaluation  [ 950/1243]  eta: 0:07:45    time: 1.5426  data: 0.0019  max mem: 21820
Evaluation  [ 960/1243]  eta: 0:07:29    time: 1.5833  data: 0.0019  max mem: 21820
Evaluation  [ 970/1243]  eta: 0:07:13    time: 1.6388  data: 0.0019  max mem: 21820
Evaluation  [ 980/1243]  eta: 0:06:57    time: 1.5800  data: 0.0020  max mem: 21820
Evaluation  [ 990/1243]  eta: 0:06:41    time: 1.6092  data: 0.0020  max mem: 21820
Evaluation  [1000/1243]  eta: 0:06:26    time: 1.6967  data: 0.0020  max mem: 21820
Evaluation  [1010/1243]  eta: 0:06:10    time: 1.6278  data: 0.0020  max mem: 21820
Evaluation  [1020/1243]  eta: 0:05:54    time: 1.5174  data: 0.0020  max mem: 21820
Evaluation  [1030/1243]  eta: 0:05:38    time: 1.5078  data: 0.0020  max mem: 21820
Evaluation  [1040/1243]  eta: 0:05:22    time: 1.5413  data: 0.0020  max mem: 21820
Evaluation  [1050/1243]  eta: 0:05:06    time: 1.4740  data: 0.0020  max mem: 21820
Evaluation  [1060/1243]  eta: 0:04:50    time: 1.4931  data: 0.0020  max mem: 21820
Evaluation  [1070/1243]  eta: 0:04:33    time: 1.4750  data: 0.0024  max mem: 21820
Evaluation  [1080/1243]  eta: 0:04:18    time: 1.5154  data: 0.0024  max mem: 21820
Evaluation  [1090/1243]  eta: 0:04:02    time: 1.6099  data: 0.0020  max mem: 21820
Evaluation  [1100/1243]  eta: 0:03:46    time: 1.6014  data: 0.0019  max mem: 21820
Evaluation  [1110/1243]  eta: 0:03:30    time: 1.5761  data: 0.0020  max mem: 21820
Evaluation  [1120/1243]  eta: 0:03:14    time: 1.5795  data: 0.0020  max mem: 21820
Evaluation  [1130/1243]  eta: 0:02:59    time: 1.6453  data: 0.0019  max mem: 21820
Evaluation  [1140/1243]  eta: 0:02:43    time: 1.6827  data: 0.0020  max mem: 21820
Evaluation  [1150/1243]  eta: 0:02:27    time: 1.6450  data: 0.0020  max mem: 21820
Evaluation  [1160/1243]  eta: 0:02:11    time: 1.5559  data: 0.0020  max mem: 21820
Evaluation  [1170/1243]  eta: 0:01:55    time: 1.5293  data: 0.0020  max mem: 21820
Evaluation  [1180/1243]  eta: 0:01:39    time: 1.6610  data: 0.0020  max mem: 21820
Evaluation  [1190/1243]  eta: 0:01:24    time: 1.7827  data: 0.0020  max mem: 21820
Evaluation  [1200/1243]  eta: 0:01:08    time: 1.7351  data: 0.0020  max mem: 21820
Evaluation  [1210/1243]  eta: 0:00:52    time: 1.6087  data: 0.0020  max mem: 21820
Evaluation  [1220/1243]  eta: 0:00:36    time: 1.5836  data: 0.0020  max mem: 21820
Evaluation  [1230/1243]  eta: 0:00:20    time: 1.5396  data: 0.0020  max mem: 21820
Evaluation  [1240/1243]  eta: 0:00:04    time: 1.4600  data: 0.0020  max mem: 21820
Evaluation  [1242/1243]  eta: 0:00:01    time: 1.5000  data: 0.0182  max mem: 21820
Evaluation Total time: 0:32:53 (1.5877 s / it)
2026-06-11 22:13:55,755 [WARNING] rank 0 starts merging results.
result file saved to /root/autodl-tmp/CLIP_prefix_caption/Detic/1-1代码路径/大论文-视频字幕生成专项_BLIP-2_for_Video/02.模型训练存放（CE）/Caption_msrvtt/20260611180/result/val_epoch0.json
Traceback (most recent call last):
  File "/root/autodl-tmp/CLIP_prefix_caption/Detic/1-1代码路径/大论文-视频字幕生成专项_BLIP-2_for_Video/mllm-video-captioner/train.py", line 103, in <module>
    main()
  File "/root/autodl-tmp/CLIP_prefix_caption/Detic/1-1代码路径/大论文-视频字幕生成专项_BLIP-2_for_Video/mllm-video-captioner/train.py", line 99, in main
    runner.train()
  File "/root/autodl-tmp/CLIP_prefix_caption/Detic/1-1代码路径/大论文-视频字幕生成专项_BLIP-2_for_Video/mllm-video-captioner/CWR_复现/runners/runner_ce_save.py", line 34, in train
    val_log = self.eval_epoch(split_name=split_name, cur_epoch=cur_epoch)
  File "/root/miniconda3/envs/vtimellm/lib/python3.10/site-packages/torch/utils/_contextlib.py", line 115, in decorate_context
    return func(*args, **kwargs)
  File "/root/autodl-tmp/CLIP_prefix_caption/Detic/1-1代码路径/大论文-视频字幕生成专项_BLIP-2_for_Video/mllm-video-captioner/lavis/runners/runner_base.py", line 472, in eval_epoch
    return self.task.after_evaluation(
  File "/root/autodl-tmp/CLIP_prefix_caption/Detic/1-1代码路径/大论文-视频字幕生成专项_BLIP-2_for_Video/mllm-video-captioner/lavis/tasks/captioning.py", line 77, in after_evaluation
    metrics = self._report_metrics(
  File "/root/autodl-tmp/CLIP_prefix_caption/Detic/1-1代码路径/大论文-视频字幕生成专项_BLIP-2_for_Video/mllm-video-captioner/lavis/common/dist_utils.py", line 112, in wrapper
    return func(*args, **kwargs)
  File "/root/autodl-tmp/CLIP_prefix_caption/Detic/1-1代码路径/大论文-视频字幕生成专项_BLIP-2_for_Video/mllm-video-captioner/lavis/tasks/captioning.py", line 90, in _report_metrics
    coco_val = caption_eval(coco_gt_root, eval_result_file, split_name)
  File "/root/autodl-tmp/CLIP_prefix_caption/Detic/1-1代码路径/大论文-视频字幕生成专项_BLIP-2_for_Video/mllm-video-captioner/lavis/tasks/captioning.py", line 213, in caption_eval
    with open(annotation_file) as f:
FileNotFoundError: [Errno 2] No such file or directory: '/home/anonymous/new_ssd/lavis_datasets/msrvtt_gt/msrvtt_val_gt.json'
[2026-06-11 22:14:00,811] torch.distributed.elastic.multiprocessing.api: [ERROR] failed (exitcode: 1) local_rank: 0 (pid: 1314) of binary: /root/miniconda3/envs/vtimellm/bin/python
Traceback (most recent call last):
  File "/root/miniconda3/envs/vtimellm/lib/python3.10/runpy.py", line 196, in _run_module_as_main
    return _run_code(code, main_globals, None,
  File "/root/miniconda3/envs/vtimellm/lib/python3.10/runpy.py", line 86, in _run_code
    exec(code, run_globals)
  File "/root/miniconda3/envs/vtimellm/lib/python3.10/site-packages/torch/distributed/run.py", line 810, in <module>
    main()
  File "/root/miniconda3/envs/vtimellm/lib/python3.10/site-packages/torch/distributed/elastic/multiprocessing/errors/__init__.py", line 346, in wrapper
    return f(*args, **kwargs)
  File "/root/miniconda3/envs/vtimellm/lib/python3.10/site-packages/torch/distributed/run.py", line 806, in main
    run(args)
  File "/root/miniconda3/envs/vtimellm/lib/python3.10/site-packages/torch/distributed/run.py", line 797, in run
    elastic_launch(
  File "/root/miniconda3/envs/vtimellm/lib/python3.10/site-packages/torch/distributed/launcher/api.py", line 134, in __call__
    return launch_agent(self._config, self._entrypoint, list(args))
  File "/root/miniconda3/envs/vtimellm/lib/python3.10/site-packages/torch/distributed/launcher/api.py", line 264, in launch_agent
    raise ChildFailedError(
torch.distributed.elastic.multiprocessing.errors.ChildFailedError: 
============================================================
train.py FAILED
------------------------------------------------------------
Failures:
  <NO_OTHER_FAILURES>
------------------------------------------------------------
Root Cause (first observed failure):
[0]:
  time      : 2026-06-11_22:14:00
  host      : localhost
  rank      : 0 (local_rank: 0)
  exitcode  : 1 (pid: 1314)
  error_file: <N/A>
  traceback : To enable traceback see: https://pytorch.org/docs/stable/elastic/errors.html
============================================================

✅ 训练完成
   产物: /root/autodl-tmp/CLIP_prefix_caption/Detic/1-1代码路径/大论文-视频字幕生成专项_BLIP-2_for_Video/02.模型训练存放（CE）/Caption_msrvtt/<job_id>/
   日志: /root/autodl-tmp/CLIP_prefix_caption/Detic/1-1代码路径/大论文-视频字幕生成专项_BLIP-2_for_Video/mllm-video-captioner/CWR_复现/logs/stage1_ce_20260611_180354.log
