nohup: ignoring input

libgomp: Invalid value for environment variable OMP_NUM_THREADS
/root/miniconda3/envs/vtimellm/lib/python3.10/site-packages/torch/cuda/__init__.py:51: FutureWarning: The pynvml package is deprecated. Please install nvidia-ml-py instead. If you did not install pynvml directly, please report this to the maintainers of the package that installed pynvml for you.
  import pynvml  # type: ignore[import]

libgomp: Invalid value for environment variable OMP_NUM_THREADS
/root/miniconda3/envs/vtimellm/lib/python3.10/site-packages/torch/cuda/__init__.py:51: FutureWarning: The pynvml package is deprecated. Please install nvidia-ml-py instead. If you did not install pynvml directly, please report this to the maintainers of the package that installed pynvml for you.
  import pynvml  # type: ignore[import]
| distributed init (rank 0, world 1): env://
NCCL version 2.18.6+cuda12.1
2026-06-11 17:30:48,727 [INFO] 
=====  Running Parameters    =====
2026-06-11 17:30:48,727 [INFO] {
    "accum_grad_iters": 1,
    "amp": true,
    "batch_size_eval": 8,
    "batch_size_train": 32,
    "cache_root": "/root/autodl-tmp/CLIP_prefix_caption/Detic/1-1\u4ee3\u7801\u8def\u5f84/\u5927\u8bba\u6587-\u89c6\u9891\u5b57\u5e55\u751f\u6210\u4e13\u9879_BLIP-2_for_Video/00.\u6570\u636e\u96c6",
    "device": "cuda",
    "dist_backend": "nccl",
    "dist_url": "env://",
    "distributed": true,
    "evaluate": false,
    "gpu": 0,
    "init_lr": 5e-05,
    "lr_sched": "linear_warmup_cosine_lr",
    "max_epoch": 20,
    "max_len": 32,
    "min_len": 5,
    "min_lr": 1e-05,
    "num_beams": 5,
    "num_workers": 4,
    "output_dir": "/root/autodl-tmp/CLIP_prefix_caption/Detic/1-1\u4ee3\u7801\u8def\u5f84/\u5927\u8bba\u6587-\u89c6\u9891\u5b57\u5e55\u751f\u6210\u4e13\u9879_BLIP-2_for_Video/02.\u6a21\u578b\u8bad\u7ec3\u5b58\u653e\uff08CE\uff09/Caption_msrvtt",
    "rank": 0,
    "resume_ckpt_path": null,
    "runner": "runner_ce_save",
    "seed": 42,
    "task": "captioning",
    "test_splits": [
        "test"
    ],
    "train_splits": [
        "train"
    ],
    "valid_splits": [
        "val"
    ],
    "warmup_lr": 1e-08,
    "warmup_steps": 1000,
    "weight_decay": 0.05,
    "world_size": 1
}
2026-06-11 17:30:48,727 [INFO] 
======  Dataset Attributes  ======
2026-06-11 17:30:48,727 [INFO] 
======== msrvtt_caption =======
2026-06-11 17:30:48,728 [INFO] {
    "build_info": {
        "annotations": {
            "test": {
                "storage": "msrvtt/annotations/cap_test.json",
                "url": "https://storage.googleapis.com/sfr-vision-language-research/LAVIS/datasets/msrvtt/cap_test.json"
            },
            "train": {
                "storage": "msrvtt/annotations/cap_train.json",
                "url": "https://storage.googleapis.com/sfr-vision-language-research/LAVIS/datasets/msrvtt/cap_train.json"
            },
            "val": {
                "storage": "msrvtt/annotations/cap_val.json",
                "url": "https://storage.googleapis.com/sfr-vision-language-research/LAVIS/datasets/msrvtt/cap_val.json"
            }
        },
        "videos": {
            "storage": "msrvtt/videos"
        }
    },
    "data_type": "videos",
    "text_processor": {
        "eval": {
            "name": "blip_caption"
        },
        "train": {
            "name": "blip_caption"
        }
    },
    "vis_processor": {
        "eval": {
            "image_size": 224,
            "n_frms": 8,
            "name": "alpro_video_eval"
        },
        "train": {
            "image_size": 224,
            "n_frms": 8,
            "name": "alpro_video_train"
        }
    }
}
2026-06-11 17:30:48,728 [INFO] 
======  Model Attributes  ======
2026-06-11 17:30:48,728 [INFO] {
    "arch": "blip2_t5",
    "drop_path_rate": 0,
    "finetuned": "",
    "freeze_vit": true,
    "image_size": 224,
    "load_finetuned": false,
    "load_pretrained": true,
    "lora": false,
    "model_type": "pretrain_flant5xl",
    "num_query_token": 32,
    "pretrained": "/root/autodl-tmp/CLIP_prefix_caption/Detic/1-1\u4ee3\u7801\u8def\u5f84/\u5927\u8bba\u6587-\u89c6\u9891\u5b57\u5e55\u751f\u6210\u4e13\u9879_BLIP-2_for_Video/01.\u6a21\u578b\u9884\u8bad\u7ec3\u6743\u91cd\u6a21\u578b/blip2_pretrained_flant5xl.pth",
    "prompt": "a video of",
    "t5_model": "google/flan-t5-xl",
    "use_grad_checkpoint": true,
    "vit_precision": "fp16"
}
Using downloaded and verified file: /home/anonymous/new_ssd/lavis_datasets/msrvtt/annotations/cap_train.json
Using downloaded and verified file: /home/anonymous/new_ssd/lavis_datasets/msrvtt/annotations/cap_val.json
Using downloaded and verified file: /home/anonymous/new_ssd/lavis_datasets/msrvtt/annotations/cap_test.json
2026-06-11 17:30:48,729 [INFO] Building datasets...
2026-06-11 17:31:10,770 [INFO] freeze vision encoder
Loading checkpoint shards:   0%|                                                               | 0/2 [00:00<?, ?it/s]Loading checkpoint shards:  50%|███████████████████████████▌                           | 1/2 [00:03<00:03,  3.72s/it]Loading checkpoint shards: 100%|███████████████████████████████████████████████████████| 2/2 [00:04<00:00,  2.02s/it]Loading checkpoint shards: 100%|███████████████████████████████████████████████████████| 2/2 [00:04<00:00,  2.27s/it]
2026-06-11 17:31:23,080 [INFO] load checkpoint from /root/autodl-tmp/CLIP_prefix_caption/Detic/1-1代码路径/大论文-视频字幕生成专项_BLIP-2_for_Video/01.模型预训练权重模型/blip2_pretrained_flant5xl.pth
2026-06-11 17:31:23,170 [INFO] Start training
2026-06-11 17:31:28,268 [INFO] dataset_ratios not specified, datasets will be concatenated (map-style datasets) or chained (webdataset.DataPipeline).
2026-06-11 17:31:28,268 [INFO] Loaded 130260 records for train split from the dataset.
2026-06-11 17:31:28,268 [INFO] Loaded 9940 records for val split from the dataset.
2026-06-11 17:31:28,268 [INFO] Loaded 59800 records for test split from the dataset.
2026-06-11 17:31:28,284 [INFO] number of trainable parameters: 106739968
2026-06-11 17:31:28,285 [INFO] Start training epoch 0, 4070 iters per inner epoch.
/root/miniconda3/envs/vtimellm/lib/python3.10/site-packages/torch/utils/checkpoint.py:429: UserWarning: torch.utils.checkpoint: please pass in use_reentrant=True or use_reentrant=False explicitly. The default value of use_reentrant will be updated to be False in the future. To maintain current behavior, pass use_reentrant=True. It is recommended that you use use_reentrant=False. Refer to docs for more details on the differences between the two variants.
  warnings.warn(
/root/miniconda3/envs/vtimellm/lib/python3.10/site-packages/torch/utils/checkpoint.py:61: UserWarning: None of the inputs have requires_grad=True. Gradients will be None
  warnings.warn(
Train: data epoch: [0]  [   0/4070]  eta: 7:19:41  lr: 1.0000e-08  loss: 2.9191  time: 6.4820  data: 0.0000  max mem: 19745
Train: data epoch: [0]  [  50/4070]  eta: 3:36:42  lr: 2.5095e-06  loss: 2.7046  time: 3.1797  data: 0.0000  max mem: 21820
Train: data epoch: [0]  [ 100/4070]  eta: 3:32:25  lr: 5.0090e-06  loss: 2.5999  time: 3.1854  data: 0.0000  max mem: 21820
Train: data epoch: [0]  [ 150/4070]  eta: 3:29:16  lr: 7.5085e-06  loss: 2.6951  time: 3.1894  data: 0.0000  max mem: 21820
Train: data epoch: [0]  [ 200/4070]  eta: 3:26:22  lr: 1.0008e-05  loss: 2.4458  time: 3.2015  data: 0.0000  max mem: 21820
Train: data epoch: [0]  [ 250/4070]  eta: 3:23:30  lr: 1.2508e-05  loss: 2.7015  time: 3.1840  data: 0.0000  max mem: 21820
Train: data epoch: [0]  [ 300/4070]  eta: 3:21:22  lr: 1.5007e-05  loss: 2.1798  time: 3.1939  data: 0.0000  max mem: 21820
