nohup: ignoring input

libgomp: Invalid value for environment variable OMP_NUM_THREADS
/root/miniconda3/envs/vtimellm/lib/python3.10/site-packages/torch/cuda/__init__.py:51: FutureWarning: The pynvml package is deprecated. Please install nvidia-ml-py instead. If you did not install pynvml directly, please report this to the maintainers of the package that installed pynvml for you.
  import pynvml  # type: ignore[import]

libgomp: Invalid value for environment variable OMP_NUM_THREADS
/root/miniconda3/envs/vtimellm/lib/python3.10/site-packages/torch/cuda/__init__.py:51: FutureWarning: The pynvml package is deprecated. Please install nvidia-ml-py instead. If you did not install pynvml directly, please report this to the maintainers of the package that installed pynvml for you.
  import pynvml  # type: ignore[import]
| distributed init (rank 0, world 1): env://
NCCL version 2.18.6+cuda12.1
2026-06-11 17:45:04,292 [INFO] 
=====  Running Parameters    =====
2026-06-11 17:45:04,293 [INFO] {
    "accum_grad_iters": 1,
    "amp": true,
    "batch_size_eval": 8,
    "batch_size_train": 32,
    "cache_root": "/root/autodl-tmp/CLIP_prefix_caption/Detic/1-1\u4ee3\u7801\u8def\u5f84/\u5927\u8bba\u6587-\u89c6\u9891\u5b57\u5e55\u751f\u6210\u4e13\u9879_BLIP-2_for_Video/00.\u6570\u636e\u96c6",
    "device": "cuda",
    "dist_backend": "nccl",
    "dist_url": "env://",
    "distributed": true,
    "evaluate": false,
    "gpu": 0,
    "init_lr": 5e-05,
    "lr_sched": "linear_warmup_cosine_lr",
    "max_epoch": 20,
    "max_len": 32,
    "min_len": 5,
    "min_lr": 1e-05,
    "num_beams": 5,
    "num_workers": 4,
    "output_dir": "/root/autodl-tmp/CLIP_prefix_caption/Detic/1-1\u4ee3\u7801\u8def\u5f84/\u5927\u8bba\u6587-\u89c6\u9891\u5b57\u5e55\u751f\u6210\u4e13\u9879_BLIP-2_for_Video/02.\u6a21\u578b\u8bad\u7ec3\u5b58\u653e\uff08CE\uff09/Caption_msrvtt",
    "rank": 0,
    "resume_ckpt_path": null,
    "runner": "runner_ce_save",
    "seed": 42,
    "task": "captioning",
    "test_splits": [
        "test"
    ],
    "train_splits": [
        "train"
    ],
    "valid_splits": [
        "val"
    ],
    "warmup_lr": 1e-08,
    "warmup_steps": 1000,
    "weight_decay": 0.05,
    "world_size": 1
}
2026-06-11 17:45:04,293 [INFO] 
======  Dataset Attributes  ======
2026-06-11 17:45:04,293 [INFO] 
======== msrvtt_caption =======
2026-06-11 17:45:04,294 [INFO] {
    "build_info": {
        "annotations": {
            "test": {
                "storage": "msrvtt/annotations/cap_test.json",
                "url": "https://storage.googleapis.com/sfr-vision-language-research/LAVIS/datasets/msrvtt/cap_test.json"
            },
            "train": {
                "storage": "msrvtt/annotations/cap_train.json",
                "url": "https://storage.googleapis.com/sfr-vision-language-research/LAVIS/datasets/msrvtt/cap_train.json"
            },
            "val": {
                "storage": "msrvtt/annotations/cap_val.json",
                "url": "https://storage.googleapis.com/sfr-vision-language-research/LAVIS/datasets/msrvtt/cap_val.json"
            }
        },
        "videos": {
            "storage": "msrvtt/videos"
        }
    },
    "data_type": "videos",
    "text_processor": {
        "eval": {
            "name": "blip_caption"
        },
        "train": {
            "name": "blip_caption"
        }
    },
    "vis_processor": {
        "eval": {
            "image_size": 224,
            "n_frms": 8,
            "name": "alpro_video_eval"
        },
        "train": {
            "image_size": 224,
            "n_frms": 8,
            "name": "alpro_video_train"
        }
    }
}
2026-06-11 17:45:04,294 [INFO] 
======  Model Attributes  ======
2026-06-11 17:45:04,294 [INFO] {
    "arch": "blip2_t5",
    "drop_path_rate": 0,
    "finetuned": "",
    "freeze_vit": true,
    "image_size": 224,
    "load_finetuned": false,
    "load_pretrained": true,
    "lora": false,
    "model_type": "pretrain_flant5xl",
    "num_query_token": 32,
    "pretrained": "/root/autodl-tmp/CLIP_prefix_caption/Detic/1-1\u4ee3\u7801\u8def\u5f84/\u5927\u8bba\u6587-\u89c6\u9891\u5b57\u5e55\u751f\u6210\u4e13\u9879_BLIP-2_for_Video/01.\u6a21\u578b\u9884\u8bad\u7ec3\u6743\u91cd\u6a21\u578b/blip2_pretrained_flant5xl.pth",
    "prompt": "a video of",
    "t5_model": "google/flan-t5-xl",
    "use_grad_checkpoint": true,
    "vit_precision": "fp16"
}
Using downloaded and verified file: /home/anonymous/new_ssd/lavis_datasets/msrvtt/annotations/cap_train.json
Using downloaded and verified file: /home/anonymous/new_ssd/lavis_datasets/msrvtt/annotations/cap_val.json
Using downloaded and verified file: /home/anonymous/new_ssd/lavis_datasets/msrvtt/annotations/cap_test.json
2026-06-11 17:45:04,295 [INFO] Building datasets...
2026-06-11 17:45:24,969 [INFO] freeze vision encoder
Loading checkpoint shards:   0%|                                                               | 0/2 [00:00<?, ?it/s]Loading checkpoint shards:  50%|███████████████████████████▌                           | 1/2 [00:03<00:03,  3.69s/it]Loading checkpoint shards: 100%|███████████████████████████████████████████████████████| 2/2 [00:04<00:00,  2.03s/it]Loading checkpoint shards: 100%|███████████████████████████████████████████████████████| 2/2 [00:04<00:00,  2.28s/it]
2026-06-11 17:45:37,980 [INFO] load checkpoint from /root/autodl-tmp/CLIP_prefix_caption/Detic/1-1代码路径/大论文-视频字幕生成专项_BLIP-2_for_Video/01.模型预训练权重模型/blip2_pretrained_flant5xl.pth
2026-06-11 17:45:38,069 [INFO] Start training
Traceback (most recent call last):
  File "/root/autodl-tmp/CLIP_prefix_caption/Detic/1-1代码路径/大论文-视频字幕生成专项_BLIP-2_for_Video/mllm-video-captioner/train.py", line 103, in <module>
    main()
  File "/root/autodl-tmp/CLIP_prefix_caption/Detic/1-1代码路径/大论文-视频字幕生成专项_BLIP-2_for_Video/mllm-video-captioner/train.py", line 99, in main
    runner.train()
  File "/root/autodl-tmp/CLIP_prefix_caption/Detic/1-1代码路径/大论文-视频字幕生成专项_BLIP-2_for_Video/mllm-video-captioner/CWR_复现/runners/runner_ce_save.py", line 28, in train
    train_stats = self.train_epoch(cur_epoch)
  File "/root/autodl-tmp/CLIP_prefix_caption/Detic/1-1代码路径/大论文-视频字幕生成专项_BLIP-2_for_Video/mllm-video-captioner/lavis/runners/runner_base.py", line 429, in train_epoch
    self.model.train()
  File "/root/autodl-tmp/CLIP_prefix_caption/Detic/1-1代码路径/大论文-视频字幕生成专项_BLIP-2_for_Video/mllm-video-captioner/lavis/runners/runner_base.py", line 86, in model
    self._model = self._model.to(self.device)
  File "/root/miniconda3/envs/vtimellm/lib/python3.10/site-packages/torch/nn/modules/module.py", line 1160, in to
    return self._apply(convert)
  File "/root/miniconda3/envs/vtimellm/lib/python3.10/site-packages/torch/nn/modules/module.py", line 810, in _apply
    module._apply(fn)
  File "/root/miniconda3/envs/vtimellm/lib/python3.10/site-packages/torch/nn/modules/module.py", line 810, in _apply
    module._apply(fn)
  File "/root/miniconda3/envs/vtimellm/lib/python3.10/site-packages/torch/nn/modules/module.py", line 810, in _apply
    module._apply(fn)
  [Previous line repeated 2 more times]
  File "/root/miniconda3/envs/vtimellm/lib/python3.10/site-packages/torch/nn/modules/module.py", line 833, in _apply
    param_applied = fn(param)
  File "/root/miniconda3/envs/vtimellm/lib/python3.10/site-packages/torch/nn/modules/module.py", line 1158, in convert
    return t.to(device, dtype if t.is_floating_point() or t.is_complex() else None, non_blocking)
torch.cuda.OutOfMemoryError: CUDA out of memory. Tried to allocate 18.00 MiB. GPU 0 has a total capacty of 23.57 GiB of which 13.50 MiB is free. Process 29664 has 22.12 GiB memory in use. Including non-PyTorch memory, this process has 1.42 GiB memory in use. Of the allocated memory 955.14 MiB is allocated by PyTorch, and 88.86 MiB is reserved by PyTorch but unallocated. If reserved but unallocated memory is large try setting max_split_size_mb to avoid fragmentation.  See documentation for Memory Management and PYTORCH_CUDA_ALLOC_CONF
[2026-06-11 17:45:43,981] torch.distributed.elastic.multiprocessing.api: [ERROR] failed (exitcode: 1) local_rank: 0 (pid: 199518) of binary: /root/miniconda3/envs/vtimellm/bin/python
Traceback (most recent call last):
  File "/root/miniconda3/envs/vtimellm/lib/python3.10/runpy.py", line 196, in _run_module_as_main
    return _run_code(code, main_globals, None,
  File "/root/miniconda3/envs/vtimellm/lib/python3.10/runpy.py", line 86, in _run_code
    exec(code, run_globals)
  File "/root/miniconda3/envs/vtimellm/lib/python3.10/site-packages/torch/distributed/run.py", line 810, in <module>
    main()
  File "/root/miniconda3/envs/vtimellm/lib/python3.10/site-packages/torch/distributed/elastic/multiprocessing/errors/__init__.py", line 346, in wrapper
    return f(*args, **kwargs)
  File "/root/miniconda3/envs/vtimellm/lib/python3.10/site-packages/torch/distributed/run.py", line 806, in main
    run(args)
  File "/root/miniconda3/envs/vtimellm/lib/python3.10/site-packages/torch/distributed/run.py", line 797, in run
    elastic_launch(
  File "/root/miniconda3/envs/vtimellm/lib/python3.10/site-packages/torch/distributed/launcher/api.py", line 134, in __call__
    return launch_agent(self._config, self._entrypoint, list(args))
  File "/root/miniconda3/envs/vtimellm/lib/python3.10/site-packages/torch/distributed/launcher/api.py", line 264, in launch_agent
    raise ChildFailedError(
torch.distributed.elastic.multiprocessing.errors.ChildFailedError: 
============================================================
train.py FAILED
------------------------------------------------------------
Failures:
  <NO_OTHER_FAILURES>
------------------------------------------------------------
Root Cause (first observed failure):
[0]:
  time      : 2026-06-11_17:45:43
  host      : localhost
  rank      : 0 (local_rank: 0)
  exitcode  : 1 (pid: 199518)
  error_file: <N/A>
  traceback : To enable traceback see: https://pytorch.org/docs/stable/elastic/errors.html
============================================================

✅ 训练完成
   产物: /root/autodl-tmp/CLIP_prefix_caption/Detic/1-1代码路径/大论文-视频字幕生成专项_BLIP-2_for_Video/02.模型训练存放（CE）/Caption_msrvtt/<job_id>/
   日志: /root/autodl-tmp/CLIP_prefix_caption/Detic/1-1代码路径/大论文-视频字幕生成专项_BLIP-2_for_Video/mllm-video-captioner/CWR_复现/logs/stage1_ce_20260611_174455.log
